/data01/Work/yuhuan/Software/TargetFusion/example/example_out/Mapping/BCR_ABL1_standard/BCR_ABL1_standard.readname.sorted.bam /data01/Work/yuhuan/Software/TargetFusion/reference/Homo_sapiens.GRCh38.109.gtf 90 20 90 0
Open sam file (/data01/Work/yuhuan/Software/TargetFusion/example/example_out/Mapping/BCR_ABL1_standard/BCR_ABL1_standard.readname.sorted.bam).
Read sam file (/data01/Work/yuhuan/Software/TargetFusion/example/example_out/Mapping/BCR_ABL1_standard/BCR_ABL1_standard.readname.sorted.bam) for scanning multiple-mapped reads. 
Handle =0 >> multi_map_reads.size=0 read_len_map.size=0 Time-elapsed=0
Time consumed to read bam: 0.55s
For all reads: reads=69347/81014(85.60) bases=24257767/39722245(61.07) ins=2120430(5.34) del=1401027(3.53)
	 N10: 1425
	 N20: 1115
	 N30: 912
	 N40: 743
	 N50: 620
	 N60: 515
	 N70: 414
	 N80: 325
	 N90: 248
For mapped reads: bases=24257767/36337699(66.76) ins=2120430(5.84) del=1401027(3.86)
	 N10: 1459
	 N20: 1151
	 N30: 956
	 N40: 784
	 N50: 654
	 N60: 548
	 N70: 445
	 N80: 351
	 N90: 269

# reads with multipe mapping = 12717=12718/81014(15.70)
Open sam file (/data01/Work/yuhuan/Software/TargetFusion/example/example_out/Mapping/BCR_ABL1_standard/BCR_ABL1_standard.readname.sorted.bam).
Read sam file (/data01/Work/yuhuan/Software/TargetFusion/example/example_out/Mapping/BCR_ABL1_standard/BCR_ABL1_standard.readname.sorted.bam) for gene fusion detection.
Handle =0 _fg_cand.size()=0 Time-elapsed=0
Time consumed to read bam: 8.73s
Finish _fg_cand[_gene_pair=654
Potential_fusion: 1 1
GF	ABL1:BCR 293 293 supporting reads=293/293 130854060:2;130854061:243;130854062:8;130854063:5;130854065:2;130854066:3;130854067:11;130854068:5;130854069:2;130854070:2;130854071:8;130854072:1;130854073:1 23289606:2;23289607:5;23289608:9;23289609:2;23289610:5;23289611:11;23289612:6;23289614:2;23289615:1;23289616:1;23289617:2;23289618:2;23289619:15;23289620:224;23289621:6 9:130854061 293/0:1484:12278 22:23289618 0/293:1484:679
	130854061(-9:130854061-130854855/0003ae3d-cb03-4684-9797-55687acb5371:69-296)1 23289620(-22:23288108-23289620/295-469)1
	130854069(+9:130854069-130855026/00ac24d4-c81e-49de-96db-f406fc24ad64:844-1245)1 23289620(+22:23287168-23289620/563-837)1
	130854061(+9:130854061-130855028/02301f32-011f-49fa-8b48-ed5732b32c97:204-622)1 23289620(+22:23288128-23289620/53-205)1
	130854061(-9:130854061-130862958/029557d4-e4ff-44d3-bd13-6ee6dc6debf4:108-772)1 23289620(-22:23288094-23289620/771-959)1
	130854062(+9:130854062-130854162/02f99a3e-d918-4505-a82f-f161766a3881:1513-1614)1 23289620(+22:23271559-23289620/676-1516)1
	130854062(-9:130854062-130854243/03078063-33ab-427d-b205-22861922c783:407-587)1 23289620(-22:23287164-23289620/584-870)1
	130854061(+9:130854061-130854198/0343e332-d9ea-4c1e-abd9-3527c51a3ae1:283-420)1 23289612(+22:23287199-23289612/26-279)1
	130854061(-9:130854061-130854845/04c3d3b8-6170-4157-aa41-01c857757e57:16-234)1 23289620(-22:23288147-23289620/233-363)1
	130854071(-9:130854071-130855036/04d1045f-1aeb-4b4f-8ff9-fbfe32626750:4-412)1 23289620(-22:23287185-23289620/421-705)1
	130854061(+9:130854061-130854234/063cf90e-c7a8-4f73-91e7-420b31125ba3:413-589)1 23289607(+22:23285168-23289607/80-404)1
	130854061(-9:130854061-130862788/0766dcce-ffd9-4297-8e4b-65bf73ea3336:0-502)1 23289620(-22:23285035-23289620/501-956)1
	130854061(+9:130854061-130854894/08008bf9-073a-45c1-ac52-019b7edfacdc:159-410)1 23289610(+22:23288117-23289610/0-148)1
	130854061(+9:130854061-130862783/08f7a3c2-1460-49bc-a596-280a6835e47a:786-1271)1 23289620(+22:23288105-23289620/621-787)1
	130854061(+9:130854061-130855095/09469931-bf31-49df-877b-8d39bedd6f99:511-980)1 23289620(+22:23288101-23289620/338-512)1
	130854061(+9:130854061-130854881/09c0a459-17e2-42c0-a878-dba7b7e0fbee:111-368)1 23289620(+22:23289516-23289620/11-112)1
	130854061(+9:130854061-130854893/0a65eb65-6667-4421-9b57-f85653e0572e:1036-1297)1 23289620(+22:23261461-23289620/0-1037)1
	130854067(-9:130854067-130854243/0a7128b5-04c8-4e31-abbc-7b82112975c5:1190-1367)1 23289619(-22:23288094-23289619/1371-1548)1
	130854061(-9:130854061-130854189/0ab6f3cb-1ca1-4d6f-bdf0-ddcef4703ac2:8-139)1 23289619(-22:23287231-23289619/140-366)1
	130854061(+9:130854061-130854883/0af81726-5df8-439b-9837-094e32233fc1:245-494)1 23289620(+22:23287215-23289620/0-246)1
	130854068(+9:130854068-130854165/0c76c677-244c-4bbd-83d1-ea8bfec4a84d:442-543)1 23289606(+22:23287168-23289606/144-424)1
	130854061(+9:130854061-130855061/0fa60577-ef02-4b0b-ab6e-35666dc7747b_1:598-1036)1 23289620(+22:23287214-23289620/351-599)1
	130854067(-9:130854067-130855021/10b71108-4ae1-4521-a92f-1f5a87fb1776:486-877)1 23289619(-22:23285100-23289619/882-1277)1
	130854061(-9:130854061-130854872/1239dcfe-e5cc-4f19-884f-3a32989c7084:20-268)1 23289620(-22:23288094-23289620/267-450)1
	130854061(+9:130854061-130854227/125d61b2-6e85-4cd9-990f-7878a0de77fd:247-419)1 23289620(+22:23287207-23289620/0-248)1
	130854061(-9:130854061-130854238/131944f7-8032-4219-8d3b-6bc751ccc373:124-289)1 23289620(-22:23287250-23289620/288-496)1
	130854061(+9:130854061-130854172/13b9423b-1e1f-47f0-9c91-59a865eed373:161-271)1 23289620(+22:23288114-23289620/2-162)1
	130854061(-9:130854061-130885650/1432abca-053f-474c-948d-cbe89762cd3a_1:657-1084)1 23289620(-22:23271542-23289620/1083-1916)1
	130854061(-9:130854061-130854237/147725b0-858f-42b7-a620-ce4940d16b9e:88-288)1 23289614(-22:23287224-23289614/293-521)1
	130854061(+9:130854061-130854853/14fe2b86-203e-4e3b-a187-c3c2a8ca66ba:300-542)1 23289620(+22:23287168-23289620/5-301)1
	130854061(+9:130854061-130855002/1504da0c-f477-42f1-a9bf-d203fa717a42:322-690)1 23289620(+22:23287192-23289620/51-326)1
	130854061(+9:130854061-130854200/1553fec3-2cf3-453a-a888-1961e4c91a7a:297-438)1 23289620(+22:23287227-23289620/83-298)1
	130854061(-9:130854061-130854893/15bc08b2-f35a-4e7d-a811-a9bc026a8179:0-278)1 23289620(-22:23288108-23289620/277-442)1
	130854061(+9:130854061-130855085/16071f41-541a-4131-a34c-d127ea15ef29:479-949)1 23289620(+22:23285029-23289620/4-480)1
	130854061(-9:130854061-130854877/171426f8-d93e-4659-a755-8aaa9c37d620:104-359)1 23289620(-22:23288127-23289620/358-510)1
	130854061(+9:130854061-130854213/17bacd7b-8859-4027-be8e-fe23224d9cac_1:586-734)1 23289608(+22:23284000-23289608/0-571)1
	130854067(-9:130854067-130854862/196f1ff0-592c-45a8-944e-c962c9893934:16-250)1 23289620(-22:23288142-23289620/257-393)1
	130854061(+9:130854061-130854917/1b50b15b-0108-422e-9508-b411ba95a13e:179-473)1 23289620(+22:23288099-23289620/0-180)1
	130854061(+9:130854061-130862898/1c2fd4ac-8afa-4364-a56a-c8cf43fa104a:252-826)1 23289620(+22:23287209-23289620/0-253)1
	130854061(+9:130854061-130862898/1d0a7ebc-bd1b-440b-a9cc-eb40c375d1b7:219-813)1 23289620(+22:23287247-23289620/2-220)1
	130854061(-9:130854061-130854165/1d68d88d-bf43-4542-867f-7c9125eeefb6:0-110)1 23289620(-22:23288094-23289620/109-291)1
	130854061(-9:130854061-130886671/1fd1617e-402d-4280-856e-a87c10b06d59:0-653)1 23289620(-22:23287220-23289620/652-894)1
	130854067(+9:130854067-130855087/1fe9a4d2-970e-43f3-8a64-30efe8a94783:494-949)1 23289619(+22:23287221-23289619/245-487)1
	130854071(-9:130854071-130862822/217c798e-ed60-4978-b04e-55fb50fc2d72:372-974)1 23289621(-22:23287237-23289621/979-1206)1
	130854061(-9:130854061-130863034/21acd3a1-fa35-4a36-aed7-648c7c16e4c9:4-736)1 23289620(-22:23288147-23289620/735-866)1
	130854061(+9:130854061-130862818/21d0a0e3-8835-419c-945a-6399baf2a80e:184-715)1 23289620(+22:23288145-23289620/51-185)1
	130854071(-9:130854071-130878533/2488346f-5e64-4f7d-a7a2-5ab094ae76d1:52-1515)1 23289618(-22:23288094-23289618/1529-1707)1
	130854061(-9:130854061-130855060/25faf3fc-74be-483a-bdc7-10b24879096d:102-527)1 23289620(-22:23287210-23289620/526-778)1
	130854061(-9:130854061-130854932/26ac3a1f-4033-4dc0-bdb5-8c55e269e612_1:351-661)1 23289620(-22:23285143-23289620/660-1002)1
	130854061(-9:130854061-130862869/273d2eba-b879-4d79-9aeb-9913d219e50f:10-596)1 23289620(-22:23287238-23289620/595-814)1
	130854061(-9:130854061-130854974/291029be-8234-4e55-ab4a-93dd85a4621c:309-661)1 23289620(-22:23287160-23289620/660-964)1
	130854061(+9:130854061-130854947/296fddc4-c92c-47fc-b919-f1de40788fba:187-509)1 23289620(+22:23288094-23289620/7-188)1
	130854062(-9:130854062-130854238/2a4b24a9-0918-40be-8de3-04346e2b2c07:405-588)1 23289620(-22:23288126-23289620/585-740)1
	130854061(+9:130854061-130884052/2a99cb16-9610-4d1b-8c00-e0c183a55862:376-1206)1 23289608(+22:23287160-23289608/94-364)1
	130854061(+9:130854061-130854881/2e3c4b9d-123c-4bfc-8e8b-c328efa5c07e:255-508)1 23289620(+22:23287215-23289620/8-256)1
	130854061(+9:130854061-130854904/2e69529b-a36b-4b57-8e00-b540db5556b4:115-385)1 23289620(+22:23289516-23289620/10-116)1
	130854066(-9:130854066-130854236/2e805099-497f-498e-8329-ce867b58edda:7-167)1 23289620(-22:23288114-23289620/174-333)1
	130854061(-9:130854061-130854242/2ec96ed7-cf5d-4b70-b789-c353284004d7:687-867)1 23289620(-22:23288094-23289620/866-1045)1
	130854061(+9:130854061-130862868/2edd79e3-91dd-433d-876e-475e73dd18fb:128-727)1 23289620(+22:23288147-23289620/0-129)1
	130854061(-9:130854061-130854180/2fdd1b61-c984-43ef-aeba-6547d70811ff:426-551)1 23289620(-22:23289520-23289620/550-656)1
	130854061(-9:130854061-130854916/30866c72-36e4-4c18-b9f6-323a3c21448d:0-293)1 23289620(-22:23285031-23289620/292-766)1
	130854061(+9:130854061-130854852/3283571e-8d22-4aef-9aa4-44d57a795625:521-740)1 23289620(+22:23288116-23289620/358-522)1
	130854061(+9:130854061-130854233/34e7e304-60b5-46fe-bd52-9f06e0299e82_1:1110-1282)1 23289620(+22:23287183-23289620/827-1111)1
	130854060(-9:130854060-130854872/359a772b-8bd7-473d-8bbf-8b8b3d4db31c:0-250)1 23289620(-22:23285115-23289620/253-637)1
	130854061(-9:130854061-130862925/379bb5ea-1c07-4bae-a06f-2bed9c41d365:0-629)1 23289620(-22:23287218-23289620/628-870)1
	130854061(+9:130854061-130854856/37b661c8-8927-4899-a548-b9e2e1e00027:182-410)1 23289615(+22:23288112-23289615/0-175)1
	130854061(-9:130854061-130878568/392821f8-9ed9-4d17-8e17-819ffe992fa8_1:486-2240)1 23289620(-22:23287221-23289620/2239-2473)1
	130854061(+9:130854061-130854198/3c0692f7-dcd7-4970-99af-a39a45e282ef:707-849)1 23289619(+22:23288094-23289619/528-706)1
	130854061(+9:130854061-130854918/3c757c02-caef-4082-a26d-2cf9e1e15807:563-849)1 23289620(+22:23284048-23289620/47-564)1
	130854061(+9:130854061-130854243/3eb94b70-5c82-4f5e-a179-3358fa9be0f8:305-477)1 23289620(+22:23287156-23289620/6-306)1
	130854061(+9:130854061-130854884/3eec2698-d0d3-47ff-b776-6d8c102df8e3:387-638)1 23289620(+22:23289516-23289620/282-388)1
	130854061(+9:130854061-130854895/406389be-a21a-4743-ad96-d973d9d6635e:167-442)1 23289620(+22:23288110-23289620/0-168)1
	130854061(-9:130854061-130885869/40a6ae7e-83df-42df-a93a-3ab1e51ac146:0-517)1 23289620(-22:23287168-23289620/516-801)1
	130854072(-9:130854072-130884082/418891ca-3d5a-40f4-98e0-f5f26fc4c8f4:302-837)1 23289620(-22:23285110-23289620/840-1223)1
	130854061(-9:130854061-130854849/419fe88b-bad7-4afe-9127-f6e6938cf7a2:116-342)1 23289620(-22:23287209-23289620/341-595)1
	130854061(-9:130854061-130854242/426b6966-297c-4fbc-916f-1a02bfa8de54_1:20-207)1 23289620(-22:23288138-23289620/206-341)1
	130854061(+9:130854061-130854830/434a912f-4c8d-41d4-90d5-6036c58a1490:273-477)1 23289610(+22:23288094-23289610/88-264)1
	130854061(-9:130854061-130854251/44a5d1dd-90c4-4379-9660-653882d3ad1b:8-197)1 23289620(-22:23285029-23289620/196-660)1
	130854067(+9:130854067-130854918/4504204b-0861-4d86-a85b-e405c5526978:211-510)1 23289620(+22:23288100-23289620/32-206)1
	130854067(+9:130854067-130854922/454a48fd-ad28-41eb-abc2-daa71b6a290e:268-554)1 23289611(+22:23277517-23289611/34-254)1
	130854061(+9:130854061-130855055/4700d994-f73e-4a27-8e63-8dd387d9db35:749-1160)1 23289620(+22:23287187-23289620/474-750)1
	130854061(+9:130854061-130854238/4806b809-f61b-4797-b64f-19e231ca131e:352-520)1 23289620(+22:23287174-23289620/60-353)1
	130854061(+9:130854061-130854211/480eb74e-cd8a-4949-941d-c006765e0504:344-488)1 23289620(+22:23287210-23289620/104-345)1
	130854061(+9:130854061-130854200/4962fc6f-2eb4-424a-af22-77dafc3fba0b:592-731)1 23289620(+22:23285080-23289620/163-593)1
	130854061(+9:130854061-130854912/49a4c2ff-d686-4035-89d9-4f0af7e334e5:287-586)1 23289620(+22:23288102-23289620/111-288)1
	130854061(+9:130854061-130854848/49d86e75-f51a-43e9-9f84-d2da08f02870:567-784)1 23289620(+22:23288147-23289620/432-568)1
	130854061(-9:130854061-130854896/4b4eb1bb-c66d-4199-9c91-60a1625fcde2:0-273)1 23289620(-22:23288124-23289620/272-408)1
	130854063(-9:130854063-130854237/4b57f11f-c7b9-40ef-825b-624436e32ee2:19-189)1 23289619(-22:23288144-23289619/192-323)1
	130854061(+9:130854061-130854230/4c15679b-eeb3-4b04-9250-fcb62cd364c8:234-399)1 23289620(+22:23287224-23289620/10-235)1
	130854061(-9:130854061-130855053/4dabf6bf-88a1-45dc-99bb-eef214046360:343-797)1 23289609(-22:23288130-23289609/807-938)1
	130854061(+9:130854061-130854882/4de36d16-cf6f-4cfc-b511-512e18d719e2:423-670)1 23289620(+22:23285083-23289620/10-424)1
	130854061(+9:130854061-130854883/4ecece97-a84d-414c-946e-c1ef630deac7:611-870)1 23289620(+22:23288103-23289620/440-612)1
	130854061(-9:130854061-130862799/4fd5cf9f-3217-43b1-b1b3-837013ad1464:2-477)1 23289620(-22:23285135-23289620/476-847)1
	130854061(+9:130854061-130887567/4fe52273-a562-4ef1-9c9c-31e4be252eb9_1:183-968)1 23289608(+22:23288100-23289608/2-167)1
	130854061(+9:130854061-130854822/5159dc7e-7e60-4518-841e-fadb62222eec:1164-1355)1 23289620(+22:23285153-23289620/796-1165)1
	130854061(+9:130854061-130854878/5256940b-eda2-440f-b196-e1b4c7d2d17e:428-681)1 23289620(+22:23288111-23289620/271-429)1
	130854073(-9:130854073-130886746/52e8e4ec-fcfa-4d52-bc05-b2313ae8889d_1:0-762)1 23289620(-22:23287241-23289620/775-1005)1
	130854061(-9:130854061-130855090/56138b50-1b5f-4b62-872d-31d5734f1bdf:13-479)1 23289620(-22:23285145-23289620/478-833)1
	130854061(+9:130854061-130854880/56b48aa5-77f9-4ca3-8332-9fdeb67a6b72:215-479)1 23289620(+22:23288106-23289620/46-216)1
	130854061(-9:130854061-130854926/574003bd-df36-4581-a602-fa0cb68f31c2:3-301)1 23289620(-22:23287218-23289620/300-546)1
	130854061(-9:130854061-130854915/57d3e110-f386-44cb-8631-a7f0ccee5b6f:0-305)1 23289620(-22:23285034-23289620/304-783)1
	130854061(+9:130854061-130854217/57df186b-6c8c-4edd-a61e-31a4b9e64760:165-329)1 23289620(+22:23288105-23289620/1-166)1
	130854061(+9:130854061-130854897/587c8763-f5c8-4f61-b1bf-340d4f0c52d2:239-502)1 23289614(+22:23288103-23289614/72-239)1
	130854061(-9:130854061-130854177/5a461272-8157-40f4-8bfd-7f1ecd644ef1:0-116)1 23289620(-22:23288155-23289620/115-236)1
	130854061(+9:130854061-130855049/5ae807ed-9c87-4bca-bd32-202a17f8031c:381-799)1 23289611(+22:23288152-23289611/256-372)1
	130854061(-9:130854061-130854198/5b21e87d-e874-46ac-8ff4-473405ec5ec1:0-146)1 23289608(-22:23288094-23289608/157-318)1
	130854061(+9:130854061-130854917/5c20bb46-132c-4d9e-8010-31b064dbd6a9:246-538)1 23289620(+22:23287213-23289620/0-247)1
	130854061(-9:130854061-130863034/5e94d735-4662-427b-ac49-724f97fc0bdb:320-701)1 23289620(-22:23287206-23289620/700-947)1
	130854061(+9:130854061-130854879/60a59a02-33ff-4c06-a2eb-ec093d87369c:211-462)1 23289608(+22:23288108-23289608/43-199)1
	130854061(+9:130854061-130854203/60c42822-5ffc-4e32-8eec-791323c83c4a:713-854)1 23289620(+22:23288142-23289620/577-714)1
	130854061(-9:130854061-130854894/60eb48a2-c182-4a38-91a2-a583028fe409:1559-1823)1 23289609(-22:23288094-23289609/1838-2005)1
	130854061(+9:130854061-130854869/610acdb7-e6f7-4f5b-b9f7-0c526c62dede:144-386)1 23289612(+22:23288124-23289612/0-135)1
	130854061(+9:130854061-130854227/617840e5-1baf-4ffb-8cea-ef7f43d6927f:690-856)1 23289620(+22:23287156-23289620/408-691)1
	130854061(-9:130854061-130862956/62f0cafc-d76f-41f1-953c-454493888d62:0-654)1 23289620(-22:23288145-23289620/653-785)1
	130854061(-9:130854061-130855003/63b6685f-07ed-47d8-aca4-d12baeaf0dd6:481-857)1 23289620(-22:23287208-23289620/856-1102)1
	130854061(-9:130854061-130854879/65ed2bbd-992f-4521-8b6b-e4ed5eb94e29:0-255)1 23289620(-22:23273680-23289620/254-647)1
	130854061(-9:130854061-130854208/6655f8bf-9255-4033-a64f-86b9622ae2d9:2-142)1 23289620(-22:23287203-23289620/141-398)1
	130854061(-9:130854061-130854242/66cc559f-b194-4a55-8fc6-4227d3847d95:7-188)1 23289619(-22:23288094-23289619/189-370)1
	130854062(-9:130854062-130854187/67439eba-53a2-44ad-aba4-3f04f786337c:64-193)1 23289621(-22:23284055-23289621/193-730)1
	130854070(+9:130854070-130862840/689d9f98-7352-4685-9543-5c89db5ffb0b_1:122-661)1 23289620(+22:23289516-23289620/9-114)1
	130854067(-9:130854067-130854882/6918b409-0249-4e2e-bc03-2b37984be87c:0-252)1 23289621(-22:23273085-23289621/254-1033)1
	130854061(+9:130854061-130854896/69dbdd51-e9b3-4702-8107-878295a85e0d:194-466)1 23289620(+22:23288094-23289620/10-195)1
	130854061(+9:130854061-130854943/69fa91d8-f126-4153-b70a-96b3a8944118:982-1280)1 23289620(+22:23273664-23289620/291-983)1
	130854061(-9:130854061-130854996/6a5d405f-5d4e-40d4-8313-f84538ce063b:388-772)1 23289620(-22:23287179-23289620/771-1041)1
	130854061(+9:130854061-130854870/6ac90af2-b3e0-46e5-b2a9-cd757e0a88c7:462-710)1 23289620(+22:23289517-23289620/359-463)1
	130854061(+9:130854061-130854243/6b220481-9129-442f-93b3-f3d6c2e2f487:354-532)1 23289620(+22:23287179-23289620/76-355)1
	130854061(-9:130854061-130854186/6db20fa7-caa8-4f00-a6a4-72cf7212994d:0-127)1 23289620(-22:23288105-23289620/126-297)1
	130854061(-9:130854061-130884027/6ee0260a-1bb4-4915-9ea8-fccbe615ceb8_1:15-984)1 23289620(-22:23287210-23289620/983-1232)1
	130854071(-9:130854071-130854863/6fb4c0b7-4d46-44a7-9ebb-4705a0b4390c:11-247)1 23289620(-22:23288102-23289620/260-451)1
	130854061(-9:130854061-130854918/70aa1ec5-e805-4fa4-aa10-e095f3e6ddad:2-278)1 23289620(-22:23287163-23289620/277-572)1
	130854068(+9:130854068-130855063/719fb801-e6be-4dab-9e50-6dc856cd9fab:243-664)1 23289621(+22:23288128-23289621/95-239)1
	130854061(+9:130854061-130854200/733a7a9a-cd30-40ad-a8d3-3b0f56c72ddb:328-471)1 23289620(+22:23287220-23289620/91-329)1
	130854061(+9:130854061-130854818/7482bb5f-8a5c-4659-b3ff-01f3e852357a:220-403)1 23289620(+22:23287253-23289620/20-221)1
	130854061(+9:130854061-130863034/753c6191-7f97-4e74-b43b-c82a4ff3ab19:227-977)1 23289620(+22:23287250-23289620/20-228)1
	130854061(+9:130854061-130854879/75e9c874-41ca-4f7b-b70e-70b1abd53bce:309-561)1 23289620(+22:23287156-23289620/8-310)1
	130854062(+9:130854062-130887284/76a4f87f-5256-4809-a1c8-d3fef9c5e415:92-584)1 23289621(+22:23289527-23289621/0-92)1
	130854061(+9:130854061-130854837/777eaa05-3d3a-4402-bc41-2c411d9c4464:332-539)1 23289620(+22:23287210-23289620/99-333)1
	130854061(+9:130854061-130862899/78368974-07a8-40f6-88fd-1c8ffcaa2a37_1:321-928)1 23289608(+22:23287199-23289608/56-307)1
	130854061(-9:130854061-130854224/78eaa314-dd81-4719-9f63-602014fefd80:52-217)1 23289620(-22:23289529-23289620/216-308)1
	130854061(-9:130854061-130854908/78eacf29-3be5-4ce9-bc05-5d30bdd23aed:10-276)1 23289620(-22:23288097-23289620/275-450)1
	130854063(-9:130854063-130854190/7aba306c-8245-4368-833d-781e04b98444:602-731)1 23289620(-22:23288155-23289620/733-852)1
	130854068(-9:130854068-130854246/7b0b8dcf-ebb5-4899-b89b-44f0074d1555:87-267)1 23289618(-22:23288102-23289618/275-449)1
	130854063(-9:130854063-130854875/7b66a1a7-d79a-457c-b250-fe2496cfd102:92-337)1 23289620(-22:23288101-23289620/339-516)1
	130854061(+9:130854061-130854817/7b9a886e-9ca6-44ae-aca9-a47fa19cc10c:819-1011)1 23289620(+22:23285102-23289620/432-820)1
	130854061(+9:130854061-130855090/7c19fdd4-dd5f-4f75-b0cd-89426234c39e:209-680)1 23289611(+22:23289516-23289611/103-199)1
	130854062(-9:130854062-130854243/7ca47b9a-a262-42d7-9e8a-54bccfe6f020:74-245)1 23289620(-22:23285050-23289620/242-703)1
	130854061(-9:130854061-130854970/7dc8db59-2382-49f0-a714-7eb46b18f653:337-674)1 23289620(-22:23288094-23289620/673-848)1
	130854061(+9:130854061-130854919/7e6f567b-a96f-4340-a84a-98dbc53d8798:128-399)1 23289620(+22:23289516-23289620/25-129)1
	130854061(+9:130854061-130854199/7edfca8a-5d91-4969-9aa2-e258e6f8583d:216-348)1 23289620(+22:23289517-23289620/114-217)1
	130854061(+9:130854061-130854888/80a9cbc1-4c38-4c8d-8e5a-7c3af6a6df70:572-829)1 23289620(+22:23288094-23289620/397-573)1
	130854061(+9:130854061-130854206/81f55774-a535-48a2-8c67-88ca08c14e11:705-855)1 23289620(+22:23287191-23289620/440-706)1
	130854061(+9:130854061-130854859/828018e3-78a3-4027-8976-acd6a04586bd:163-409)1 23289620(+22:23288120-23289620/0-164)1
	130854061(+9:130854061-130854187/8358d0fe-0ae9-436b-a8a4-517b5715160e:242-367)1 23289620(+22:23287221-23289620/0-243)1
	130854061(-9:130854061-130855093/836afd7a-518b-4ded-a1ee-ccb64c55db01:15-492)1 23289620(-22:23288094-23289620/493-671)1
	130854061(-9:130854061-130855010/83f78de3-d740-4400-b49d-6fb047023a8d:0-384)1 23289620(-22:23288094-23289620/383-555)1
	130854061(-9:130854061-130855037/84515cc9-b0a9-4793-b45f-4337b8970cf4:0-1068)1 23289620(-22:23289527-23289620/1067-1159)1
	130854061(+9:130854061-130854918/85f4c33d-76bb-4212-91cc-0551f2b69c9f:317-625)1 23289611(+22:23288094-23289611/135-310)1
	130854061(+9:130854061-130854882/8662fc0b-510c-47d4-88be-d0a925125898:252-513)1 23289611(+22:23288094-23289611/76-245)1
	130854061(+9:130854061-130854204/87cd1ae6-1845-4650-be42-10b51ad8004d:604-750)1 23289607(+22:23288094-23289607/425-593)1
	130854061(+9:130854061-130854896/89f2fd59-a6b8-47c6-8d62-ffbed0058c5c:182-461)1 23289607(+22:23288122-23289607/19-167)1
	130854062(+9:130854062-130854849/8ab9bb3e-44fe-48cc-bc30-052e0b46cec3:225-447)1 23289620(+22:23287230-23289620/0-228)1
	130854061(-9:130854061-130854847/8af04b98-44eb-4abe-b7aa-ed1c3b7cad96_1:0-224)1 23289620(-22:23288094-23289620/223-402)1
	130854070(-9:130854070-130854222/8ba93298-40d2-40ba-892a-e9174ce03800:0-151)1 23289620(-22:23287218-23289620/162-394)1
	130854061(-9:130854061-130855053/8d176557-21b0-4325-8651-1d177f62bd34:0-430)1 23289620(-22:23288128-23289620/429-589)1
	130854061(+9:130854061-130854868/8fc8ea8e-32e8-4df8-9d2d-6993ec1366ca:180-420)1 23289620(+22:23288102-23289620/2-181)1
	130854071(-9:130854071-130854236/8ff1515e-35ec-4bf8-ad20-274a4408d856:26-189)1 23289616(-22:23287174-23289616/205-478)1
	130854061(+9:130854061-130855031/90df17ef-69b1-4987-aace-7368e0632037_1:356-1210)1 23289620(+22:23285156-23289620/0-357)1
	130854061(+9:130854061-130854977/91f4ebc2-0210-4690-8fc0-e05471ebf13b:781-1116)1 23289610(+22:23288103-23289610/609-772)1
	130854061(+9:130854061-130854917/92ec8ad2-7874-43a8-b0b7-0971316645eb:1818-2098)1 23289619(+22:23268469-23289619/891-1815)1
	130854061(+9:130854061-130854243/9355fa1b-85e9-4728-a5b9-7641b71bbdc4:177-379)1 23289620(+22:23289516-23289620/73-178)1
	130854061(+9:130854061-130854929/93f2845f-489d-4ea3-8ca2-2066a3a1a313:252-544)1 23289608(+22:23288125-23289608/103-242)1
	130854061(-9:130854061-130854224/943c1415-8b0d-4ef8-92b7-5f974ad655d7:286-448)1 23289620(-22:23288120-23289620/447-600)1
	130854061(+9:130854061-130862897/94a1988a-172c-4edb-8158-427387af3585:237-696)1 23289617(+22:23288094-23289617/53-234)1
	130854061(+9:130854061-130855047/9516b297-a100-49ad-830d-2b31207f6b50:182-596)1 23289620(+22:23288102-23289620/0-183)1
	130854068(+9:130854068-130854244/951a613a-a60c-4f7c-ab54-2826bc7fa6fa:393-569)1 23289620(+22:23287201-23289620/113-384)1
	130854061(+9:130854061-130854900/966b373b-0f00-47c8-a3bb-0b742e2b00db:153-435)1 23289620(+22:23288122-23289620/0-154)1
	130854061(+9:130854061-130854341/9738e08f-ebe7-4aeb-a934-0c73a4a6bee2:362-632)1 23289620(+22:23287190-23289620/107-363)1
	130854061(+9:130854061-130854213/97685ba5-6f30-419e-aad7-9d177b793073:585-752)1 23289620(+22:23288159-23289620/465-586)1
	130854066(-9:130854066-130854865/985e8dc7-53b6-4751-81b8-d9ad74e77f1f:11-244)1 23289620(-22:23288141-23289620/255-391)1
	130854061(+9:130854061-130854881/98f8380a-ab04-4851-88a9-67b0a34aa31b:188-443)1 23289620(+22:23288094-23289620/8-189)1
	130854061(-9:130854061-130854821/9c47a48c-9160-42d0-8e90-7bca939be6ea:0-201)1 23289620(-22:23288146-23289620/200-330)1
	130854061(+9:130854061-130854882/9cf110b4-8557-4767-bebd-9563532788c5:320-566)1 23289607(+22:23287167-23289607/36-307)1
	130854061(-9:130854061-130854911/9d36cc2d-0c6b-4d4a-a546-92d4daa33d42:0-292)1 23289620(-22:23288147-23289620/291-423)1
	130854061(+9:130854061-130855093/9d4b092a-a902-4cf5-9b2d-e0d6de6ad35f_1:766-1234)1 23289606(+22:23288147-23289606/637-753)1
	130854061(+9:130854061-130854849/9d81b8fd-df95-484a-bbd6-4e5a5be9281b:186-402)1 23289620(+22:23288094-23289620/2-187)1
	130854060(+9:130854060-130854830/9dae4b7a-8855-44c2-baf3-f2a9bb104e19:137-342)1 23289619(+22:23288151-23289619/6-134)1
	130854061(+9:130854061-130854829/9e21f48e-b8ee-4651-b93e-a1735caa3375:781-998)1 23289608(+22:23287164-23289608/474-767)1
	130854061(+9:130854061-130854826/9e2ed171-a7e9-42ec-b519-6dd8b05c8c34:1206-1412)1 23289620(+22:23261036-23289620/50-1207)1
	130854061(-9:130854061-130854198/9f4bee8c-160f-4fab-83d8-f1ae303fe119:0-140)1 23289620(-22:23288094-23289620/142-328)1
	130854061(+9:130854061-130854185/a060dc35-0793-49bb-aa3c-06b11dd13b5f:302-427)1 23289620(+22:23287203-23289620/51-303)1
	130854061(+9:130854061-130854212/a0f32079-ad0d-42b3-a126-4f3911d0e446:544-702)1 23289620(+22:23284028-23289620/0-545)1
	130854061(+9:130854061-130854830/a5d21e6f-ddb0-483a-8f6b-ad3ef336d9ea:166-365)1 23289620(+22:23289516-23289620/64-167)1
	130854061(-9:130854061-130854251/a6015fdb-5b8a-4ec6-b6f0-ae0258eb9840:630-810)1 23289620(-22:23288125-23289620/809-956)1
	130854061(-9:130854061-130855001/a64ae9b4-f2c3-4b86-9977-0f6e70a7034d:8-394)1 23289620(-22:23273633-23289620/393-1127)1
	130854061(+9:130854061-130854157/a6d41af2-13c4-4fab-b475-4036ac137a71:122-217)1 23289620(+22:23288157-23289620/5-123)1
	130854061(-9:130854061-130854252/a747116c-ceef-4945-92b7-4137fdb635ef:1141-1336)1 23289620(-22:23284046-23289620/1335-1862)1
	130854061(+9:130854061-130862776/a7bbeb78-2fac-47b7-a1ca-9e07f3b4cd50:502-970)1 23289620(+22:23285050-23289620/54-503)1
	130854065(-9:130854065-130855019/a8de4b87-9a70-433e-aa58-1660217aee52:0-405)1 23289620(-22:23287174-23289620/412-701)1
	130854061(+9:130854061-130862903/a907181b-3a6f-491e-8770-63ee8b3741a9:215-807)1 23289620(+22:23287242-23289620/0-216)1
	130854061(+9:130854061-130855087/aab82f75-6afd-4735-95a1-b54010c56cf3_1:484-949)1 23289612(+22:23284067-23289612/3-476)1
	130854061(+9:130854061-130854199/aabd7d81-cced-4d4d-b3c4-1c96872c48ee:262-398)1 23289620(+22:23289518-23289620/159-263)1
	130854061(-9:130854061-130854908/ab7c860e-fe88-41da-a575-d9d3d54d947f:2-275)1 23289620(-22:23288142-23289620/274-407)1
	130854061(-9:130854061-130854924/ad07add4-d1e3-4c37-833d-3c5514858702:0-311)1 23289620(-22:23288148-23289620/310-438)1
	130854061(-9:130854061-130855090/ad72fc38-9f48-4c5b-a229-c6026c09ebbd:105-564)1 23289620(-22:23287207-23289620/563-814)1
	130854061(+9:130854061-130854868/ae129939-db24-47ba-bd9e-29db537f6a45:304-542)1 23289620(+22:23287209-23289620/60-305)1
	130854061(-9:130854061-130854848/aeb05588-e8ff-464a-b622-7f4d231eb947:446-689)1 23289611(-22:23285116-23289611/696-1066)1
	130854061(+9:130854061-130862882/afdf1dba-970b-4ff8-9270-42418ef9def6:186-783)1 23289620(+22:23288099-23289620/0-187)1
	130854061(-9:130854061-130854849/afe0b825-2e72-45f0-84ed-e9df3bc4800b:5-227)1 23289620(-22:23288147-23289620/226-359)1
	130854061(+9:130854061-130887556/afe997c4-126d-4eff-9b74-bb36b2e8a5a9:260-743)1 23289620(+22:23288102-23289620/94-261)1
	130854061(+9:130854061-130854243/b03bc6eb-116f-4a1c-9b0b-10d0a4503497:269-448)1 23289620(+22:23288128-23289620/119-270)1
	130854061(+9:130854061-130855009/b10108fe-e667-4c28-b8ab-e4b76ff50e9b:797-1182)1 23289619(+22:23287193-23289619/530-796)1
	130854067(+9:130854067-130854238/b1fa1919-1b62-4506-a84d-49738b948eae:577-742)1 23289610(+22:23288152-23289610/448-559)1
	130854061(+9:130854061-130854216/b2bf90f9-aeeb-43bd-972f-3e94f1111db9_1:837-993)1 23289620(+22:23289516-23289620/735-838)1
	130854061(+9:130854061-130855093/b40390b8-d238-4b8f-a71f-4f969481148b:223-692)1 23289619(+22:23287234-23289619/9-222)1
	130854061(+9:130854061-130854925/b4cc4420-f1c9-4533-881b-84f34e722d0e:360-662)1 23289620(+22:23287200-23289620/88-361)1
	130854061(-9:130854061-130854842/b64c797e-daf3-4669-9fb0-8d5d2c1b4f30:23-230)1 23289620(-22:23288094-23289620/229-405)1
	130854061(-9:130854061-130855095/b74eb8c1-e16a-47b5-bab5-a02ad27f4a42:15-485)1 23289620(-22:23288148-23289620/484-613)1
	130854071(-9:130854071-130854875/b74f16fb-b94e-42b2-8c73-8bfa819040a2:43-269)1 23289621(-22:23288102-23289621/280-439)1
	130854061(-9:130854061-130854243/b7c65bda-25a4-4718-874c-66831a1bd235:30-217)1 23289620(-22:23283973-23289620/216-793)1
	130854061(+9:130854061-130855053/b894a9ea-92b4-4712-9ed7-08ba49038891:966-1389)1 23289620(+22:23285143-23289620/592-967)1
	130854061(-9:130854061-130862961/b9b13341-9831-4bcf-95c0-2026c63103be:49-704)1 23289620(-22:23287192-23289620/703-971)1
	130854061(+9:130854061-130855095/ba8e1b5f-c0c4-424e-a1d5-fdebb7c2aa9e_1:539-994)1 23289620(+22:23289526-23289620/444-540)1
	130854061(+9:130854061-130855033/bb9e92ba-bffa-42dc-93f3-e774f7e1cce1:508-908)1 23289619(+22:23284051-23289619/0-507)1
	130854062(+9:130854062-130854190/bf9302d5-904b-4a9d-9480-2bb63b7fa807:96-222)1 23289620(+22:23289523-23289620/3-99)1
	130854061(-9:130854061-130862898/bfe46291-1ef2-47fb-b249-0862d36796a3_1:355-955)1 23289620(-22:23287229-23289620/954-1180)1
	130854061(+9:130854061-130855093/c04811b7-ad38-4dbd-ba0d-535038d1ff6f_1:335-793)1 23289620(+22:23287156-23289620/33-336)1
	130854063(+9:130854063-130873173/c0dda0fc-9f12-4c30-9260-baafc91a1107:226-841)1 23289611(+22:23288151-23289611/98-216)1
	130854071(-9:130854071-130863035/c531e3d7-77ab-448d-b6bd-32bcc2bef3d6_1:4-740)1 23289620(-22:23285142-23289620/751-1101)1
	130854061(+9:130854061-130854884/c555a88a-a534-4ab7-af13-9d89453ec70f:393-654)1 23289611(+22:23285112-23289611/0-378)1
	130854061(+9:130854061-130854213/c57c5c86-cfe0-4e82-a14a-a2141aef6c6e:197-347)1 23289620(+22:23288095-23289620/16-198)1
	130854061(-9:130854061-130854243/c5bf1d53-6867-45ee-adcd-79255ed088a2:21-202)1 23289620(-22:23284017-23289620/201-736)1
	130854067(+9:130854067-130886483/c620d5c2-ebec-4c0b-8ee9-f15e1c40a289_1:388-1017)1 23289620(+22:23285137-23289620/0-382)1
	130854061(+9:130854061-130854199/c62f9a36-01dd-4d78-b50f-c5e51c16552e:245-384)1 23289620(+22:23287222-23289620/0-246)1
	130854067(+9:130854067-130854915/c87a85f3-57ae-4e67-b86b-971263cd40e8:368-641)1 23289611(+22:23287176-23289611/67-353)1
	130854061(+9:130854061-130854199/c8ec5262-9151-4fe9-9f51-95252d7b3936:109-248)1 23289620(+22:23289516-23289620/6-110)1
	130854061(-9:130854061-130855051/c9683989-679f-47b3-88ba-eb9ccee8606c:60-517)1 23289620(-22:23288094-23289620/516-700)1
	130854061(+9:130854061-130854224/c9e923a9-f511-42a0-9421-27a488b38ea2:499-669)1 23289620(+22:23285033-23289620/35-500)1
	130854061(+9:130854061-130854243/cc416d23-c0ce-4560-950b-632957d4a962:247-415)1 23289620(+22:23287204-23289620/0-248)1
	130854061(+9:130854061-130854817/ccaeb324-97a7-4e8f-a922-0bb3d88c24a3:692-883)1 23289620(+22:23273744-23289620/61-693)1
	130854061(+9:130854061-130854235/ccf8224b-1f6c-4fba-b045-13feeac0b379:382-563)1 23289620(+22:23285126-23289620/0-383)1
	130854061(-9:130854061-130854243/cdc98804-0211-4a99-ba60-c3cd765e4bd7:0-186)1 23289620(-22:23287162-23289620/185-485)1
	130854063(-9:130854063-130854198/cf15aa32-727c-4a13-8342-f8a79724a04f:0-135)1 23289619(-22:23285151-23289619/138-482)1
	130854061(+9:130854061-130854204/cf296d1c-7f0f-452c-b5ee-22da04e4ee73:329-471)1 23289620(+22:23287190-23289620/59-330)1
	130854061(+9:130854061-130854856/cf5887a7-18d9-4ba0-b726-e87f04ca7216:226-453)1 23289620(+22:23287228-23289620/0-227)1
	130854061(+9:130854061-130854857/cfe2f107-bdb8-4352-9e64-3c3b1042bfa8_1:1083-1313)1 23289620(+22:23287183-23289620/810-1084)1
	130854061(+9:130854061-130854155/cfec8225-9de6-434b-9e4a-4f6ceedbf5ea:621-713)1 23289620(+22:23285182-23289620/295-622)1
	130854061(+9:130854061-130854897/cff953db-4151-4bd6-b101-a695b0c3e057:185-461)1 23289619(+22:23288148-23289619/63-184)1
	130854061(+9:130854061-130854243/d0ddb3c6-f1cf-431e-805d-56fa4950b0a3:119-291)1 23289620(+22:23289516-23289620/16-120)1
	130854061(-9:130854061-130854840/d12bbdba-cc81-4726-8709-58d333e52335:290-499)1 23289620(-22:23288154-23289620/498-617)1
	130854061(+9:130854061-130885165/d1e230a7-d686-4161-8a85-b70a1e5ee2e1_1:541-953)1 23289607(+22:23284042-23289607/16-528)1
	130854061(+9:130854061-130862823/d250f11e-8543-4242-a0d9-9a438f270ad5:239-757)1 23289620(+22:23287213-23289620/0-240)1
	130854061(-9:130854061-130854211/d27bbfe8-7a8e-429f-bd13-ab586e28e4cb:60-218)1 23289620(-22:23287208-23289620/217-457)1
	130854061(+9:130854061-130854218/d2bddc10-bc79-4678-a155-56dd9b5e27f0:286-441)1 23289620(+22:23287176-23289620/3-287)1
	130854061(+9:130854061-130854834/d69ab1c4-f72a-49f3-b03c-bb83a0267abc:845-1053)1 23289620(+22:23285087-23289620/435-846)1
	130854061(-9:130854061-130863033/d6a508c2-a933-4d4d-8cff-b9a62cfe17ce:0-728)1 23289620(-22:23288102-23289620/727-897)1
	130854061(-9:130854061-130854896/d6c1fad3-9c39-4290-a59d-f06929a219fa:0-269)1 23289620(-22:23285044-23289620/268-725)1
	130854061(+9:130854061-130854199/d82198ff-dc69-408b-9504-984d3e24b559:193-335)1 23289612(+22:23288094-23289612/18-189)1
	130854066(-9:130854066-130862804/d82c4f95-557f-4f35-bae7-a6b1eaf2a4a6:67-564)1 23289620(-22:23288126-23289620/572-721)1
	130854069(+9:130854069-130854824/d8cd1360-e0f9-48f1-9505-36fdbc1dd692:745-939)1 23289620(+22:23289521-23289620/634-738)1
	130854061(+9:130854061-130855041/d9393f73-ab1f-4b05-8040-7e6625b18c98:289-698)1 23289611(+22:23287171-23289611/0-281)1
	130854061(-9:130854061-130854236/d9ac1279-574a-41a6-82ac-a0cee3b4bd0c:1091-1268)1 23289620(-22:23288155-23289620/1267-1382)1
	130854061(+9:130854061-130854243/d9b82145-bb9e-4340-8071-efa20214bf5a:450-645)1 23289620(+22:23287168-23289620/151-451)1
	130854061(+9:130854061-130854911/da3bae27-dde5-45ed-bc96-fae30c7eb411_1:780-1070)1 23289620(+22:23285033-23289620/321-781)1
	130854071(-9:130854071-130886570/da9d61f3-96cb-4059-a061-dbd53a5d6c0c:81-826)1 23289620(-22:23288094-23289620/836-1022)1
	130854061(+9:130854061-130854164/dbb8f5bf-0ed2-47b5-b727-7cc3bd3ac732:340-447)1 23289620(+22:23287166-23289620/57-341)1
	130854061(+9:130854061-130885888/dc4e059b-7f0f-48a7-81d1-5d0a67178d5b_1:310-1505)1 23289620(+22:23287159-23289620/16-311)1
	130854061(+9:130854061-130854233/dd28ca3d-8251-4428-a6d9-66c991bd94f0:570-752)1 23289619(+22:23288108-23289619/397-568)1
	130854061(-9:130854061-130854213/dd376c0c-ef14-4d1b-92d5-c5c020aef4c6:900-1054)1 23289620(-22:23271553-23289620/1053-1894)1
	130854061(+9:130854061-130855017/dd755eac-efc4-441f-a996-b68d7c96460c:540-923)1 23289620(+22:23285031-23289620/64-541)1
	130854061(+9:130854061-130854243/deb9b2a7-3fb9-4828-a2c1-aed701c341ed:271-459)1 23289620(+22:23287220-23289620/47-272)1
	130854061(-9:130854061-130854898/dfa3bbe9-c12d-46a3-a7b8-45ad9f106fe7:62-336)1 23289620(-22:23288122-23289620/335-492)1
	130854065(-9:130854065-130854888/e11cca85-1f62-4e67-8715-29d6b8dd6337:275-519)1 23289617(-22:23287163-23289617/529-793)1
	130854061(+9:130854061-130854881/e177a095-eae4-46df-9f09-2da2a4edcd62:226-486)1 23289620(+22:23288105-23289620/52-227)1
	130854061(-9:130854061-130854874/e1cb6a09-d392-469c-ad75-d847a0b752c0:8-260)1 23289620(-22:23288094-23289620/259-440)1
	130854068(-9:130854068-130854929/e21b3e51-25ba-4433-9823-44ed5d2b6634:0-298)1 23289620(-22:23287256-23289620/309-517)1
	130854061(-9:130854061-130884858/e2659a13-75ba-4480-a4d3-11e3d2174b75:457-1296)1 23289620(-22:23287207-23289620/1295-1546)1
	130854061(+9:130854061-130854155/e78ba180-fd27-4cc5-ba9f-3be1175936a2:269-364)1 23289620(+22:23287189-23289620/2-270)1
	130854061(+9:130854061-130862923/e9158578-97a9-4887-a0ed-07020ff2b93d:341-974)1 23289612(+22:23287190-23289612/69-336)1
	130854061(+9:130854061-130854199/ead46443-1fa3-45c9-86d9-38d7127d9e2b:497-640)1 23289620(+22:23285031-23289620/31-498)1
	130854061(+9:130854061-130854883/eae00e94-6908-4bbe-a7b7-b097a4c75b32:328-597)1 23289610(+22:23285174-23289610/0-316)1
	130854061(-9:130854061-130855017/ec354889-8e5f-4f52-9483-9ccced195d20:2-384)1 23289620(-22:23288144-23289620/383-511)1
	130854067(-9:130854067-130854237/eecdd461-071c-4662-b672-ff421c0af548:25-201)1 23289620(-22:23287222-23289620/204-450)1
	130854061(-9:130854061-130854218/ef359493-1b45-45e1-bdea-754fed5f4078:77-237)1 23289620(-22:23287259-23289620/236-431)1
	130854061(+9:130854061-130854227/f243da9a-cb6e-44a5-9e3f-8e88fe14e5ff:306-480)1 23289620(+22:23287162-23289620/0-307)1
	130854061(+9:130854061-130863035/f5b4ebb4-27c2-4fb3-8ec4-59489349d59d:276-1004)1 23289620(+22:23287228-23289620/55-277)1
	130854061(+9:130854061-130854230/f7312839-808d-47ab-a21c-562596d7cb1b:720-895)1 23289620(+22:23283974-23289620/116-721)1
	130854061(+9:130854061-130854858/f96f11f6-0fbd-421f-ac6c-e52132886840:125-354)1 23289608(+22:23288140-23289608/0-120)1
	130854061(+9:130854061-130862783/f9776834-b824-4ca7-be32-f445c6b7bc48_1:685-1165)1 23289620(+22:23289522-23289620/590-686)1
	130854061(+9:130854061-130854869/fa801cb6-da9a-4914-b59b-58887395e873:265-512)1 23289620(+22:23287221-23289620/28-266)1
	130854061(+9:130854061-130885184/fc46702b-c538-4a43-aa3d-bb1a65bba88d_1:161-1337)1 23289612(+22:23288143-23289612/28-151)1
	130854061(+9:130854061-130854209/fc77349c-8124-49a0-a9d9-ca5e27a0f58a:316-464)1 23289620(+22:23287156-23289620/19-317)1
	130854061(+9:130854061-130854912/fdf9fce3-c863-4e7b-8d5e-e2fcd25cce58:127-393)1 23289611(+22:23289516-23289611/26-120)1
	130854061(+9:130854061-130854168/fe4b5e55-f17f-421c-b46e-78341980cf4b_1:1160-1266)1 23289620(+22:23287157-23289620/867-1161)1
	130854061(-9:130854061-130884713/fe597fc2-60f8-4771-8515-c35821e8b23a:95-1410)1 23289620(-22:23287211-23289620/1409-1659)1
SumGF	ABL1:BCR 293 9:130854061 22:23289618
